SF:lib/enums/day_of_week.dart
DA:10,5
DA:11,10
LF:2
LH:2
end_of_record
SF:lib/utils/date_helper.dart
DA:7,1
DA:11,3
DA:12,3
DA:19,1
DA:23,3
DA:24,3
DA:34,5
DA:40,5
DA:41,5
DA:43,1
DA:45,1
DA:54,5
DA:61,12
DA:62,12
DA:63,12
DA:67,3
DA:72,24
DA:73,3
LF:18
LH:18
end_of_record
SF:lib/models/calendar_day.dart
DA:16,7
DA:22,6
DA:24,6
DA:25,18
DA:26,18
DA:27,18
DA:30,1
DA:31,2
LF:8
LH:8
end_of_record
SF:lib/models/calendar_day_builder_model.dart
DA:24,4
DA:32,1
DA:34,1
DA:35,3
DA:36,3
DA:37,3
DA:38,3
DA:39,3
DA:42,0
DA:43,0
LF:10
LH:8
end_of_record
SF:lib/models/calendar_month.dart
DA:15,5
DA:18,25
DA:20,3
DA:22,3
DA:23,9
DA:24,15
DA:25,3
DA:26,3
DA:27,3
DA:31,1
DA:32,2
DA:34,3
DA:38,9
DA:39,9
LF:14
LH:14
end_of_record
SF:lib/models/calendar_week.dart
DA:10,24
DA:12,5
DA:14,5
DA:15,25
DA:16,25
DA:17,25
DA:18,25
DA:19,25
DA:20,25
DA:21,25
DA:24,0
DA:25,0
LF:12
LH:10
end_of_record
SF:lib/utils/calendar_table_helper.dart
DA:19,6
DA:22,3
DA:26,3
DA:28,3
DA:29,9
DA:34,3
DA:38,3
DA:40,3
DA:44,15
DA:48,15
DA:51,3
DA:54,3
DA:58,3
DA:59,9
DA:62,6
DA:64,12
DA:65,3
DA:66,9
DA:68,3
DA:71,6
DA:72,12
DA:73,3
DA:74,9
DA:76,3
DA:85,3
DA:86,15
DA:93,3
DA:97,3
DA:98,3
DA:99,6
DA:108,3
DA:112,6
DA:118,3
DA:122,9
DA:123,3
DA:124,6
DA:125,12
DA:127,3
DA:128,3
DA:131,9
DA:143,4
DA:152,4
DA:153,4
DA:154,8
DA:155,4
DA:156,4
DA:157,8
DA:168,4
DA:171,4
DA:174,4
DA:185,4
DA:186,4
DA:190,4
DA:191,4
DA:192,4
DA:193,4
DA:195,4
DA:197,8
DA:201,6
LF:59
LH:59
end_of_record
SF:lib/widgets/calendar_cell.dart
DA:18,5
DA:29,4
DA:31,4
DA:32,4
DA:33,4
DA:34,4
DA:35,4
DA:36,4
DA:39,4
DA:42,4
DA:43,8
LF:11
LH:11
end_of_record
SF:lib/widgets/alh_calendar.dart
DA:160,1
DA:184,3
DA:186,1
DA:187,1
DA:203,1
DA:205,1
DA:207,4
DA:209,4
DA:211,2
DA:212,2
DA:213,5
DA:214,2
DA:217,3
DA:218,2
DA:219,1
DA:220,2
DA:221,2
DA:223,3
DA:224,1
DA:228,1
DA:230,1
DA:232,1
DA:233,1
DA:235,2
DA:237,2
DA:238,4
DA:239,2
DA:240,2
DA:241,2
DA:242,2
DA:244,1
DA:245,1
DA:249,1
DA:257,1
DA:258,1
DA:259,2
DA:260,2
DA:266,1
DA:267,1
DA:268,1
DA:270,2
DA:271,2
DA:272,2
DA:273,1
DA:274,2
DA:275,2
DA:276,2
DA:279,1
DA:280,1
DA:281,1
DA:282,1
DA:283,2
DA:285,2
DA:286,1
DA:287,2
DA:288,2
DA:289,2
DA:290,1
DA:291,2
DA:292,2
DA:293,1
DA:295,1
DA:296,2
DA:297,1
DA:298,1
DA:299,1
DA:310,1
DA:314,2
DA:315,1
DA:316,2
DA:318,2
DA:320,3
DA:325,1
DA:326,5
DA:327,5
DA:331,1
DA:332,5
DA:333,5
DA:337,1
DA:338,2
DA:339,2
DA:340,2
DA:345,1
DA:346,2
DA:347,2
DA:348,2
DA:359,1
DA:360,2
DA:361,2
DA:362,5
DA:363,1
DA:364,5
DA:365,1
DA:366,4
DA:367,1
DA:368,4
DA:369,1
DA:373,2
DA:374,1
DA:375,3
DA:380,1
DA:381,2
DA:382,1
DA:384,2
DA:385,2
DA:386,1
LF:106
LH:106
end_of_record
SF:lib/widgets/calendar_body.dart
DA:47,3
DA:60,3
DA:62,3
DA:64,3
DA:66,3
DA:67,3
DA:68,3
DA:69,3
DA:71,3
DA:72,9
DA:74,6
DA:75,3
DA:76,6
DA:81,3
DA:82,3
DA:83,3
DA:84,3
DA:85,3
DA:86,3
DA:87,3
DA:88,3
LF:21
LH:21
end_of_record
SF:lib/widgets/calendar_header/calendar_header.dart
DA:13,2
DA:24,2
DA:26,2
DA:27,2
DA:28,2
DA:29,2
DA:30,2
DA:31,2
DA:33,2
DA:34,2
DA:35,2
DA:36,2
DA:37,2
DA:38,2
DA:39,2
DA:42,2
DA:46,6
DA:47,2
DA:49,2
DA:50,2
DA:51,2
DA:52,2
DA:53,2
DA:55,4
DA:57,2
LF:25
LH:25
end_of_record
SF:lib/widgets/calendar_page_view.dart
DA:30,2
DA:49,2
DA:50,2
DA:59,2
DA:61,2
DA:63,4
DA:64,2
DA:65,6
DA:66,6
DA:68,4
DA:71,2
DA:73,2
DA:75,6
DA:77,8
DA:80,2
DA:82,4
DA:83,2
DA:86,2
DA:88,2
DA:89,2
DA:90,2
DA:91,4
DA:94,2
DA:95,2
DA:96,6
DA:97,12
DA:99,2
DA:101,4
DA:103,2
DA:104,4
DA:106,4
DA:107,4
DA:108,4
DA:109,4
DA:110,4
DA:111,4
DA:112,4
DA:115,2
DA:116,2
DA:117,6
DA:118,12
DA:120,6
DA:131,2
DA:132,2
DA:133,4
DA:134,4
DA:136,2
DA:148,2
DA:149,2
DA:150,4
DA:151,4
DA:156,8
LF:52
LH:52
end_of_record
