SF:lib/enums/day_of_week.dart
DA:10,4
DA:11,8
LF:2
LH:2
end_of_record
SF:lib/models/calendar_day.dart
DA:16,7
DA:22,6
DA:24,6
DA:25,18
DA:26,18
DA:27,18
DA:30,0
DA:31,0
LF:8
LH:6
end_of_record
SF:lib/models/calendar_week.dart
DA:10,24
DA:12,5
DA:14,5
DA:15,25
DA:16,25
DA:17,25
DA:18,25
DA:19,25
DA:20,25
DA:21,25
DA:24,0
DA:25,0
LF:12
LH:10
end_of_record
SF:lib/utils/date_helper.dart
DA:9,2
DA:13,6
DA:14,6
DA:21,2
DA:25,6
DA:26,6
DA:36,4
DA:42,4
DA:43,4
DA:45,1
DA:47,1
DA:58,2
DA:61,8
LF:13
LH:13
end_of_record
SF:lib/models/calendar_day_builder_model.dart
DA:24,3
DA:32,1
DA:34,1
DA:35,3
DA:36,3
DA:37,3
DA:38,3
DA:39,3
DA:42,0
DA:43,0
LF:10
LH:8
end_of_record
SF:lib/models/calendar_month.dart
DA:15,4
DA:18,20
DA:20,2
DA:22,2
DA:23,6
DA:24,2
DA:25,2
DA:26,2
DA:30,0
DA:31,0
DA:33,2
DA:37,6
DA:38,6
LF:13
LH:11
end_of_record
SF:lib/utils/calendar_table_helper.dart
DA:19,4
DA:22,2
DA:26,2
DA:28,2
DA:29,6
DA:34,2
DA:36,2
DA:38,2
DA:42,10
DA:46,10
DA:49,2
DA:52,2
DA:56,2
DA:57,6
DA:60,4
DA:62,8
DA:63,2
DA:64,6
DA:66,2
DA:69,4
DA:70,8
DA:71,2
DA:72,6
DA:74,2
DA:83,2
DA:84,10
DA:91,2
DA:95,2
DA:96,2
DA:97,4
DA:106,2
DA:110,4
DA:116,2
DA:120,6
DA:121,2
DA:122,4
DA:123,8
DA:125,4
DA:128,6
DA:139,3
DA:149,3
DA:150,9
DA:151,3
DA:152,9
DA:163,3
DA:164,3
DA:167,3
DA:181,9
DA:183,1
DA:186,3
DA:187,3
DA:190,3
DA:192,3
DA:193,3
DA:194,6
DA:195,6
DA:199,6
LF:57
LH:57
end_of_record
SF:lib/widgets/calendar_cell.dart
DA:15,4
DA:27,3
DA:29,3
DA:30,3
DA:34,3
DA:35,6
DA:36,3
DA:38,3
DA:39,3
DA:42,3
DA:45,6
DA:46,6
LF:12
LH:12
end_of_record
SF:lib/widgets/alh_calendar.dart
DA:140,1
DA:164,3
DA:166,1
DA:167,1
DA:175,1
DA:177,1
DA:178,3
DA:179,2
DA:180,2
DA:181,5
DA:182,2
DA:191,1
DA:192,2
DA:193,1
DA:194,2
DA:195,1
DA:196,3
DA:200,2
DA:201,1
DA:202,6
DA:203,2
DA:204,1
DA:205,2
DA:207,4
DA:216,1
DA:217,2
DA:218,1
DA:219,2
DA:220,1
DA:221,3
DA:225,2
DA:226,1
DA:227,6
DA:228,2
DA:229,1
DA:230,2
DA:232,2
DA:243,1
DA:244,2
DA:245,2
DA:246,5
DA:247,1
DA:248,0
DA:249,0
DA:250,0
DA:251,0
DA:252,0
DA:253,0
DA:257,2
DA:258,1
DA:259,2
DA:266,1
DA:267,4
DA:268,1
DA:269,4
DA:270,1
DA:274,1
DA:276,1
DA:278,3
DA:279,1
DA:281,1
DA:283,1
DA:284,1
DA:285,1
DA:286,1
DA:287,4
DA:288,2
DA:289,2
DA:290,2
DA:292,1
DA:293,1
DA:294,1
DA:295,2
DA:296,2
DA:297,2
DA:298,1
DA:299,2
DA:300,2
DA:301,2
DA:302,2
LF:80
LH:74
end_of_record
SF:lib/widgets/calendar_body.dart
DA:53,2
DA:67,2
DA:69,2
DA:70,2
DA:71,2
DA:72,2
DA:74,2
DA:75,6
DA:77,4
DA:78,2
DA:79,4
DA:84,2
DA:85,2
DA:86,2
DA:87,2
DA:88,2
DA:89,2
DA:90,2
DA:91,2
DA:92,2
LF:20
LH:20
end_of_record
SF:lib/widgets/calendar_header/calendar_header.dart
DA:12,2
DA:22,2
DA:24,2
DA:25,2
DA:26,2
DA:27,2
DA:28,2
DA:29,2
DA:30,2
DA:31,2
DA:32,2
DA:35,6
DA:36,2
DA:38,2
DA:39,2
DA:40,2
LF:16
LH:16
end_of_record
